D:\UPENN PROJECTS\ADVANCE COMPUTER GRAPHICS\ODEPROJECT\ODE TUTORIAL\DEBUG\ODE TUTORIAL.EXE
D:\UPENN PROJECTS\ADVANCE COMPUTER GRAPHICS\ODEPROJECT\ODE TUTORIAL\DEBUG\ODE TUTORIAL.ILK
D:\UPENN PROJECTS\ADVANCE COMPUTER GRAPHICS\ODEPROJECT\ODE TUTORIAL\DEBUG\ODE TUTORIAL.PDB
D:\UPENN PROJECTS\ADVANCE COMPUTER GRAPHICS\ODEPROJECT\ODE TUTORIAL\ODE TUTORIAL\DEBUG\ABSTRACTSKELETON.OBJ
D:\Upenn Projects\Advance Computer Graphics\ODEproject\ODE tutorial\ODE tutorial\Debug\cl.command.1.tlog
D:\Upenn Projects\Advance Computer Graphics\ODEproject\ODE tutorial\ODE tutorial\Debug\CL.read.1.tlog
D:\Upenn Projects\Advance Computer Graphics\ODEproject\ODE tutorial\ODE tutorial\Debug\CL.write.1.tlog
D:\UPENN PROJECTS\ADVANCE COMPUTER GRAPHICS\ODEPROJECT\ODE TUTORIAL\ODE TUTORIAL\DEBUG\CONTROLLER.OBJ
D:\UPENN PROJECTS\ADVANCE COMPUTER GRAPHICS\ODEPROJECT\ODE TUTORIAL\ODE TUTORIAL\DEBUG\FILEREADER.OBJ
D:\UPENN PROJECTS\ADVANCE COMPUTER GRAPHICS\ODEPROJECT\ODE TUTORIAL\ODE TUTORIAL\DEBUG\GAIT.OBJ
D:\UPENN PROJECTS\ADVANCE COMPUTER GRAPHICS\ODEPROJECT\ODE TUTORIAL\ODE TUTORIAL\DEBUG\IKCHAIN.OBJ
D:\Upenn Projects\Advance Computer Graphics\ODEproject\ODE tutorial\ODE tutorial\Debug\link.command.1.tlog
D:\UPENN PROJECTS\ADVANCE COMPUTER GRAPHICS\ODEPROJECT\ODE TUTORIAL\ODE TUTORIAL\DEBUG\LINK.OBJ
D:\Upenn Projects\Advance Computer Graphics\ODEproject\ODE tutorial\ODE tutorial\Debug\link.read.1.tlog
D:\Upenn Projects\Advance Computer Graphics\ODEproject\ODE tutorial\ODE tutorial\Debug\link.write.1.tlog
D:\Upenn Projects\Advance Computer Graphics\ODEproject\ODE tutorial\ODE tutorial\Debug\mt.command.1.tlog
D:\Upenn Projects\Advance Computer Graphics\ODEproject\ODE tutorial\ODE tutorial\Debug\mt.read.1.tlog
D:\Upenn Projects\Advance Computer Graphics\ODEproject\ODE tutorial\ODE tutorial\Debug\mt.write.1.tlog
D:\UPENN PROJECTS\ADVANCE COMPUTER GRAPHICS\ODEPROJECT\ODE TUTORIAL\ODE TUTORIAL\DEBUG\ODE TUTORIAL.EXE.INTERMEDIATE.MANIFEST
D:\Upenn Projects\Advance Computer Graphics\ODEproject\ODE tutorial\ODE tutorial\Debug\ODE tutorial.write.1.tlog
D:\UPENN PROJECTS\ADVANCE COMPUTER GRAPHICS\ODEPROJECT\ODE TUTORIAL\ODE TUTORIAL\DEBUG\SIMULATION.OBJ
D:\UPENN PROJECTS\ADVANCE COMPUTER GRAPHICS\ODEPROJECT\ODE TUTORIAL\ODE TUTORIAL\DEBUG\SPLINE.OBJ
D:\UPENN PROJECTS\ADVANCE COMPUTER GRAPHICS\ODEPROJECT\ODE TUTORIAL\ODE TUTORIAL\DEBUG\TRAJECTORIES.OBJ
D:\Upenn Projects\Advance Computer Graphics\ODEproject\ODE tutorial\ODE tutorial\Debug\vc100.idb
D:\UPENN PROJECTS\ADVANCE COMPUTER GRAPHICS\ODEPROJECT\ODE TUTORIAL\ODE TUTORIAL\DEBUG\VC100.PDB
D:\UPENN PROJECTS\ADVANCE COMPUTER GRAPHICS\ODEPROJECT\ODE TUTORIAL\ODE TUTORIAL\DEBUG\VIRTUALFORCES.OBJ
