Build started 3/12/2015 12:34:33 PM.
     1>Project "D:\Upenn Projects\Advance Computer Graphics\ODEproject\ODE tutorial\ODE tutorial\ODE tutorial.vcxproj" on node 2 (build target(s)).
     1>InitializeBuildStatus:
         Creating "Debug\ODE tutorial.unsuccessfulbuild" because "AlwaysCreate" was specified.
       ClCompile:
         All outputs are up-to-date.
       Link:
         All outputs are up-to-date.
         C:\Program Files (x86)\Microsoft Visual Studio 10.0\VC\bin\link.exe /ERRORREPORT:PROMPT /OUT:"D:\Upenn Projects\Advance Computer Graphics\ODEproject\ODE tutorial\Debug\ODE tutorial.exe" /NOLOGO /LIBPATH:..\lib ..\lib\DebugDoubleDLL\drawstuffd.lib ..\lib\DebugDoubleDLL\ode_doubled.lib user32.lib winmm.lib gdi32.lib kernel32.lib user32.lib gdi32.lib winspool.lib comdlg32.lib advapi32.lib shell32.lib ole32.lib oleaut32.lib uuid.lib odbc32.lib odbccp32.lib /MANIFEST /ManifestFile:"Debug\ODE tutorial.exe.intermediate.manifest" /MANIFESTUAC:"level='asInvoker' uiAccess='false'" /DEBUG /PDB:"D:\Upenn Projects\Advance Computer Graphics\ODEproject\ODE tutorial\Debug\ODE tutorial.pdb" /TLBID:1 /DYNAMICBASE /NXCOMPAT /IMPLIB:"D:\Upenn Projects\Advance Computer Graphics\ODEproject\ODE tutorial\Debug\ODE tutorial.lib" /MACHINE:X86 Debug\AbstractSkeleton.obj
         Debug\Controller.obj
         Debug\FileReader.obj
         Debug\Gait.obj
         Debug\Simulation.obj
         Debug\Spline.obj
         Debug\Trajectories.obj
         LINK : D:\Upenn Projects\Advance Computer Graphics\ODEproject\ODE tutorial\Debug\ODE tutorial.exe not found or not built by the last incremental link; performing full link
         ODE tutorial.vcxproj -> D:\Upenn Projects\Advance Computer Graphics\ODEproject\ODE tutorial\Debug\ODE tutorial.exe
       Manifest:
         C:\Program Files (x86)\Microsoft SDKs\Windows\v7.0A\bin\mt.exe /nologo /verbose /outputresource:"D:\Upenn Projects\Advance Computer Graphics\ODEproject\ODE tutorial\Debug\ODE tutorial.exe;#1" /manifest "Debug\ODE tutorial.exe.intermediate.manifest"
       FinalizeBuildStatus:
         Deleting file "Debug\ODE tutorial.unsuccessfulbuild".
         Touching "Debug\ODE tutorial.lastbuildstate".
     1>Done Building Project "D:\Upenn Projects\Advance Computer Graphics\ODEproject\ODE tutorial\ODE tutorial\ODE tutorial.vcxproj" (build target(s)).

Build succeeded.

Time Elapsed 00:00:00.92
